手机安全卫士/proguard/seeds.txt
com.limxing.safe.MainActivity
com.limxing.safe.MainActivity: MainActivity()
com.limxing.safe.R$anim: int cycle_7
com.limxing.safe.R$anim: int next_in
com.limxing.safe.R$anim: int next_out
com.limxing.safe.R$anim: int pre_in
com.limxing.safe.R$anim: int pre_out
com.limxing.safe.R$anim: int shake
com.limxing.safe.R$attr: int desc
com.limxing.safe.R$attr: int title
com.limxing.safe.R$dimen: int activity_horizontal_margin
com.limxing.safe.R$dimen: int activity_vertical_margin
com.limxing.safe.R$drawable: int act_scanning_03
com.limxing.safe.R$drawable: int app
com.limxing.safe.R$drawable: int atools
com.limxing.safe.R$drawable: int bg_button_info_down
com.limxing.safe.R$drawable: int bind
com.limxing.safe.R$drawable: int btn_check
com.limxing.safe.R$drawable: int btn_check_on_disabled_holo_light
com.limxing.safe.R$drawable: int btn_check_on_focused_holo_light
com.limxing.safe.R$drawable: int btn_green_normal
com.limxing.safe.R$drawable: int btn_green_pressed
com.limxing.safe.R$drawable: int button_icon_clear
com.limxing.safe.R$drawable: int button_icon_clear_press
com.limxing.safe.R$drawable: int button_selector
com.limxing.safe.R$drawable: int call_locate_blue
com.limxing.safe.R$drawable: int call_locate_gray
com.limxing.safe.R$drawable: int call_locate_green
com.limxing.safe.R$drawable: int call_locate_orange
com.limxing.safe.R$drawable: int call_locate_white
com.limxing.safe.R$drawable: int callmsgsafe
com.limxing.safe.R$drawable: int chat_from_pressed
com.limxing.safe.R$drawable: int iamge_selector
com.limxing.safe.R$drawable: int ic_default
com.limxing.safe.R$drawable: int ic_jog_dial_answer
com.limxing.safe.R$drawable: int ic_launcher
com.limxing.safe.R$drawable: int ic_menu_allfriends
com.limxing.safe.R$drawable: int ic_menu_forward
com.limxing.safe.R$drawable: int ic_menu_forward_press
com.limxing.safe.R$drawable: int ic_menu_invite
com.limxing.safe.R$drawable: int ic_menu_invite1
com.limxing.safe.R$drawable: int ic_menu_send
com.limxing.safe.R$id: int action_settings
com.limxing.safe.R$id: int antivirus_main_iv
com.limxing.safe.R$id: int antivirus_main_ll
com.limxing.safe.R$id: int antivirus_main_pb
com.limxing.safe.R$id: int antivirus_main_tv
com.limxing.safe.R$id: int bt_cancel
com.limxing.safe.R$id: int bt_confirm
com.limxing.safe.R$id: int bt_task_password
com.limxing.safe.R$id: int callsafe_add_et
com.limxing.safe.R$id: int callsafe_add_iv
com.limxing.safe.R$id: int callsafe_cb_phone
com.limxing.safe.R$id: int callsafe_cb_sms
com.limxing.safe.R$id: int callsafe_item_delete
com.limxing.safe.R$id: int callsafe_item_tv_mode
com.limxing.safe.R$id: int callsafe_item_tv_number
com.limxing.safe.R$id: int callsafe_main_iv
com.limxing.safe.R$id: int callsafe_main_loading
com.limxing.safe.R$id: int callsafe_main_lv
com.limxing.safe.R$id: int callsafe_main_tv
com.limxing.safe.R$id: int content
com.limxing.safe.R$id: int et_lostfindthree_safenum
com.limxing.safe.R$id: int et_password
com.limxing.safe.R$id: int et_repassword
com.limxing.safe.R$id: int et_task_password
com.limxing.safe.R$id: int fragment_locked_lv
com.limxing.safe.R$id: int fragment_locked_tv
com.limxing.safe.R$id: int fragment_unlock_lv
com.limxing.safe.R$id: int fragment_unlock_tv
com.limxing.safe.R$id: int gv_main_items
com.limxing.safe.R$id: int handle
com.limxing.safe.R$id: int imageView1
com.limxing.safe.R$id: int iv_app_icon
com.limxing.safe.R$id: int iv_app_lock
com.limxing.safe.R$id: int iv_lostfind_lock
...
com.startapp.android.publish.gson.annotations.SerializedName
com.startapp.android.publish.gson.annotations.SerializedName: java.lang.String value()
com.startapp.android.publish.gson.annotations.Since
com.startapp.android.publish.gson.annotations.Since: double value()
com.startapp.android.publish.gson.annotations.Until
com.startapp.android.publish.gson.annotations.Until: double value()
com.startapp.android.publish.gson.internal.$Gson$Preconditions
com.startapp.android.publish.gson.internal.$Gson$Preconditions: $Gson$Preconditions()
com.startapp.android.publish.gson.internal.$Gson$Preconditions: java.lang.Object checkNotNull(java.lang.Object)
com.startapp.android.publish.gson.internal.$Gson$Preconditions: void checkArgument(boolean)
com.startapp.android.publish.gson.internal.$Gson$Types
com.startapp.android.publish.gson.internal.$Gson$Types: java.lang.reflect.Type[] EMPTY_TYPE_ARRAY
com.startapp.android.publish.gson.internal.$Gson$Types: $Gson$Types()
com.startapp.android.publish.gson.internal.$Gson$Types: java.lang.reflect.ParameterizedType newParameterizedTypeWithOwner(java.lang.reflect.Type,java.lang.reflect.Type,java.lang.reflect.Type[])
com.startapp.android.publish.gson.internal.$Gson$Types: java.lang.reflect.GenericArrayType arrayOf(java.lang.reflect.Type)
com.startapp.android.publish.gson.internal.$Gson$Types: java.lang.reflect.WildcardType subtypeOf(java.lang.reflect.Type)
com.startapp.android.publish.gson.internal.$Gson$Types: java.lang.reflect.WildcardType supertypeOf(java.lang.reflect.Type)
com.startapp.android.publish.gson.internal.$Gson$Types: java.lang.reflect.Type canonicalize(java.lang.reflect.Type)
com.startapp.android.publish.gson.internal.$Gson$Types: java.lang.Class getRawType(java.lang.reflect.Type)
com.startapp.android.publish.gson.internal.$Gson$Types: boolean equal(java.lang.Object,java.lang.Object)
com.startapp.android.publish.gson.internal.$Gson$Types: boolean equals(java.lang.reflect.Type,java.lang.reflect.Type)
com.startapp.android.publish.gson.internal.$Gson$Types: int hashCodeOrZero(java.lang.Object)
com.startapp.android.publish.gson.internal.$Gson$Types: java.lang.String typeToString(java.lang.reflect.Type)
com.startapp.android.publish.gson.internal.$Gson$Types$GenericArrayTypeImpl
com.startapp.android.publish.gson.internal.$Gson$Types$GenericArrayTypeImpl: java.lang.reflect.Type componentType
com.startapp.android.publish.gson.internal.$Gson$Types$GenericArrayTypeImpl: long serialVersionUID
com.startapp.android.publish.gson.internal.$Gson$Types$GenericArrayTypeImpl: $Gson$Types$GenericArrayTypeImpl(java.lang.reflect.Type)
com.startapp.android.publish.gson.internal.$Gson$Types$GenericArrayTypeImpl: java.lang.reflect.Type getGenericComponentType()
com.startapp.android.publish.gson.internal.$Gson$Types$GenericArrayTypeImpl: boolean equals(java.lang.Object)
com.startapp.android.publish.gson.internal.$Gson$Types$GenericArrayTypeImpl: int hashCode()
com.startapp.android.publish.gson.internal.$Gson$Types$GenericArrayTypeImpl: java.lang.String toString()