手机安全卫士/proguard/mapping.txt
com.limxing.safe.MainActivity -> com.limxing.safe.MainActivity:
    android.widget.GridView gv_main_items -> a
    android.content.SharedPreferences sp -> b
    android.view.View view -> c
    java.lang.String password -> d
    android.content.Intent intent -> e
    android.app.AlertDialog dialog -> f
    java.lang.String[] names -> g
    int[] icons -> h
    53:117:void onCreate(android.os.Bundle) -> onCreate
    123:157:void putPasswordDialog() -> a
    163:208:void setPasswordDialog() -> b
    252:254:void onStart() -> onStart
    258:261:void onBackPressed() -> onBackPressed
    44:44:java.lang.String[] access$0(com.limxing.safe.MainActivity) -> a
    46:46:int[] access$1(com.limxing.safe.MainActivity) -> b
    37:37:android.content.SharedPreferences access$2(com.limxing.safe.MainActivity) -> c
    39:39:void access$3(com.limxing.safe.MainActivity,java.lang.String) -> a
    39:39:java.lang.String access$4(com.limxing.safe.MainActivity) -> d
    40:40:void access$5(com.limxing.safe.MainActivity,android.content.Intent) -> a
    40:40:android.content.Intent access$6(com.limxing.safe.MainActivity) -> e
    38:38:android.view.View access$7(com.limxing.safe.MainActivity) -> f
    42:42:android.app.AlertDialog access$8(com.limxing.safe.MainActivity) -> g
com.limxing.safe.MainActivity$1 -> com.limxing.safe.MainActivity$1:
    com.limxing.safe.MainActivity this$0 -> a
    64:110:void onItemClick(android.widget.AdapterView,android.view.View,int,long) -> onItemClick
com.limxing.safe.MainActivity$2 -> com.limxing.safe.MainActivity$2:
    com.limxing.safe.MainActivity this$0 -> a
    132:145:void onClick(android.view.View) -> onClick
com.limxing.safe.MainActivity$3 -> com.limxing.safe.MainActivity$3:
    com.limxing.safe.MainActivity this$0 -> a
    152:153:void onClick(android.view.View) -> onClick
com.limxing.safe.MainActivity$4 -> com.limxing.safe.MainActivity$4:
    com.limxing.safe.MainActivity this$0 -> a
    172:194:void onClick(android.view.View) -> onClick
com.limxing.safe.MainActivity$5 -> com.limxing.safe.MainActivity$5:
    com.limxing.safe.MainActivity this$0 -> a
    203:204:void onClick(android.view.View) -> onClick
com.limxing.safe.MainActivity$MyAdapter -> com.limxing.safe.MainActivity$a:
    com.limxing.safe.MainActivity this$0 -> a
    220:220:int getCount() -> getCount
    225:233:android.view.View getView(int,android.view.View,android.view.ViewGroup) -> getView
    239:239:java.lang.Object getItem(int) -> getItem
    245:245:long getItemId(int) -> getItemId
com.limxing.safe.SafeApplication -> com.limxing.safe.SafeApplication:
    22:25:void onCreate() -> onCreate
    77:78:void onTerminate() -> onTerminate
    83:84:void onLowMemory() -> onLowMemory
com.limxing.safe.SafeApplication$MyExceptionHandler -> com.limxing.safe.SafeApplication$a:
    com.limxing.safe.SafeApplication this$0 -> a
    32:67:void uncaughtException(java.lang.Thread,java.lang.Throwable) -> uncaughtException
...
android.support.v4.view.ViewPager$1 -> android.support.v4.view.ViewPager$1:
    111:111:int compare(android.support.v4.view.ViewPager$ItemInfo,android.support.v4.view.ViewPager$ItemInfo) -> a
    108:108:int compare(java.lang.Object,java.lang.Object) -> compare
android.support.v4.view.ViewPager$2 -> android.support.v4.view.ViewPager$2:
    117:118:float getInterpolation(float) -> getInterpolation
android.support.v4.view.ViewPager$Decor -> android.support.v4.view.ViewPager$a:
android.support.v4.view.ViewPager$ItemInfo -> android.support.v4.view.ViewPager$b:
    java.lang.Object object -> a
    int position -> b
    boolean scrolling -> c
    float widthFactor -> d
    float offset -> e
android.support.v4.view.ViewPager$LayoutParams -> android.support.v4.view.ViewPager$c:
    boolean isDecor -> a
    int gravity -> b
    float widthFactor -> c
    boolean needsMeasure -> d
    int position -> e
    int childIndex -> f
android.support.v4.view.ViewPager$OnAdapterChangeListener -> android.support.v4.view.ViewPager$d:
    void onAdapterChanged(android.support.v4.view.PagerAdapter,android.support.v4.view.PagerAdapter) -> a
android.support.v4.view.ViewPager$OnPageChangeListener -> android.support.v4.view.ViewPager$e:
    void onPageScrolled(int,float,int) -> a
    void onPageSelected(int) -> a
    void onPageScrollStateChanged(int) -> b
android.support.v4.view.ViewPager$PageTransformer -> android.support.v4.view.ViewPager$f:
    void transformPage(android.view.View,float) -> a
android.support.v4.view.ViewPager$PagerObserver -> android.support.v4.view.ViewPager$g:
    android.support.v4.view.ViewPager this$0 -> a
    2690:2691:void onChanged() -> onChanged
    2694:2695:void onInvalidated() -> onInvalidated
android.support.v4.view.ViewPager$SavedState -> android.support.v4.view.ViewPager$SavedState:
    int position -> a
    android.os.Parcelable adapterState -> b
    java.lang.ClassLoader loader -> c
    android.os.Parcelable$Creator CREATOR -> CREATOR
    1163:1166:void writeToParcel(android.os.Parcel,int) -> writeToParcel
    1170:1170:java.lang.String toString() -> toString
android.support.v4.view.ViewPager$SavedState$1 -> android.support.v4.view.ViewPager$SavedState$1:
    1179:1179:android.support.v4.view.ViewPager$SavedState createFromParcel(android.os.Parcel,java.lang.ClassLoader) -> b
    1183:1183:android.support.v4.view.ViewPager$SavedState[] newArray(int) -> b
    1176:1176:java.lang.Object[] newArray(int) -> a
    1176:1176:java.lang.Object createFromParcel(android.os.Parcel,java.lang.ClassLoader) -> a
android.support.v4.view.ViewPager$ViewPositionComparator -> android.support.v4.view.ViewPager$h:
    2753:2758:int compare(android.view.View,android.view.View) -> a
    2750:2750:int compare(java.lang.Object,java.lang.Object) -> compare
android.support.v4.widget.EdgeEffectCompat -> android.support.v4.d.a:
    java.lang.Object mEdgeEffect -> a
    android.support.v4.widget.EdgeEffectCompat$EdgeEffectImpl IMPL -> b
    143:144:void setSize(int,int) -> a
    154:154:boolean isFinished() -> a
    162:163:void finish() -> b
    177:177:boolean onPull(float) -> a
    189:189:boolean onRelease() -> c
    218:218:boolean draw(android.graphics.Canvas) -> a
android.support.v4.widget.EdgeEffectCompat$BaseEdgeEffectImpl -> android.support.v4.d.a$a:
    64:64:void setSize(java.lang.Object,int,int) -> a
    67:67:boolean isFinished(java.lang.Object) -> a
    71:71:void finish(java.lang.Object) -> b
    74:74:boolean onPull(java.lang.Object,float) -> a
    78:78:boolean onRelease(java.lang.Object) -> c
    86:86:boolean draw(java.lang.Object,android.graphics.Canvas) -> a