手机安全卫士/proguard/usage.txt
com.limxing.safe.BuildConfig
com.limxing.safe.R
com.limxing.safe.R$anim
com.limxing.safe.R$attr
com.limxing.safe.R$dimen
com.limxing.safe.R$drawable
com.limxing.safe.R$id
com.limxing.safe.R$layout
com.limxing.safe.R$menu
com.limxing.safe.R$raw
com.limxing.safe.R$string
com.limxing.safe.R$style
com.limxing.safe.R$styleable
com.limxing.safe.R$xml
com.limxing.safe.WelcomeActivity:
    protected static final int OPEN_MAINACTIVITY
    protected static final int DOWNLOAD_APP
com.limxing.safe.activity.AntivirusActivity:
    protected static final int SCAN_START
    protected static final int SCANING
    protected static final int END
com.limxing.safe.activity.BaseSetActivity:
    74:76:public void startActivity(java.lang.Class)
com.limxing.safe.db.dao.AntivirusDao:
    14:14:public AntivirusDao()
    77:83:public static void updataDBVersion(int)
com.limxing.safe.db.dao.BlackNumberDao:
    51:57:public boolean deleteAll()
    63:72:public boolean changeMode(java.lang.String,java.lang.String)
    92:105:public java.util.List findAll()
com.limxing.safe.db.dao.NumberAddressDao:
    11:11:public NumberAddressDao()
com.limxing.safe.db.domain.BlackNumber:
    12:13:public void setNumber(java.lang.String)
    20:26:public void setMode(java.lang.String)
com.limxing.safe.domain.AppInfo:
    19:19:public java.lang.String getApppath()
com.limxing.safe.domain.ContactInfo:
    18:18:public java.lang.String getQq()
    26:26:public java.lang.String getEmail()
com.limxing.safe.engine.AppInfoParser:
    31:31:public AppInfoParser()
com.limxing.safe.engine.TaskInfoParser:
    25:25:public TaskInfoParser()
com.limxing.safe.service.CallLocationService:
    private android.view.WindowManager$LayoutParams params
com.limxing.safe.service.MyPhoneListener
com.limxing.safe.utils.ContactInfoUtils:
    28:28:public ContactInfoUtils()
com.limxing.safe.utils.Crypto:
    12:12:public Crypto()
com.limxing.safe.utils.DensityUtil:
    5:5:public DensityUtil()
    18:19:public static int px2dip(android.content.Context,float)
com.limxing.safe.utils.FileUtils
com.limxing.safe.utils.IOUtils
com.limxing.safe.utils.LogUtils
com.limxing.safe.utils.Md5Utils:
    8:8:public Md5Utils()
com.limxing.safe.utils.SmsUtils:
    38:38:public SmsUtils()
com.limxing.safe.utils.StreamUtils:
    7:7:public StreamUtils()
com.limxing.safe.utils.StringUtils
com.limxing.safe.utils.SystemInfoUtils:
    13:13:public SystemInfoUtils()
    32:46:public static long getTotalMem()
com.limxing.safe.utils.ToastUtils:
    10:10:public ToastUtils()
com.limxing.safe.utils.UIUtils
...
com.lidroid.xutils.cache.LruDiskCache$Entry
com.lidroid.xutils.cache.LruDiskCache$Snapshot
com.lidroid.xutils.cache.LruDiskCache$StrictLineReader
com.lidroid.xutils.cache.LruDiskCache$StrictLineReader$1
com.lidroid.xutils.cache.LruMemoryCache:
    57:59:public void setMaxSize(int)
    128:128:public final java.lang.Object put(java.lang.Object,java.lang.Object)
    214:214:public final boolean containsKey(java.lang.Object)
    290:290:public final synchronized int size()
    299:299:public final synchronized int maxSize()
    306:306:public final synchronized int hitCount()
    314:314:public final synchronized int missCount()
    321:321:public final synchronized int createCount()
    328:328:public final synchronized int putCount()
    335:335:public final synchronized int evictionCount()
    343:343:public final synchronized java.util.Map snapshot()
com.lidroid.xutils.cache.MD5FileNameGenerator
com.lidroid.xutils.db.annotation.Check
com.lidroid.xutils.db.annotation.Column
com.lidroid.xutils.db.annotation.Finder
com.lidroid.xutils.db.annotation.Foreign
com.lidroid.xutils.db.annotation.Id
com.lidroid.xutils.db.annotation.NoAutoIncrement
com.lidroid.xutils.db.annotation.NotNull
com.lidroid.xutils.db.annotation.Table
com.lidroid.xutils.db.annotation.Transient
com.lidroid.xutils.db.annotation.Unique
com.lidroid.xutils.db.converter.BooleanColumnConverter
com.lidroid.xutils.db.converter.ByteArrayColumnConverter
com.lidroid.xutils.db.converter.ByteColumnConverter
com.lidroid.xutils.db.converter.CharColumnConverter
com.lidroid.xutils.db.converter.ColumnConverter
com.lidroid.xutils.db.converter.ColumnConverterFactory
com.lidroid.xutils.db.converter.DateColumnConverter
com.lidroid.xutils.db.converter.DoubleColumnConverter
com.lidroid.xutils.db.converter.FloatColumnConverter
com.lidroid.xutils.db.converter.IntegerColumnConverter
com.lidroid.xutils.db.converter.LongColumnConverter
com.lidroid.xutils.db.converter.ShortColumnConverter
com.lidroid.xutils.db.converter.SqlDateColumnConverter
com.lidroid.xutils.db.converter.StringColumnConverter
com.lidroid.xutils.db.sqlite.ColumnDbType
com.lidroid.xutils.db.sqlite.CursorUtils
com.lidroid.xutils.db.sqlite.CursorUtils$EntityTempCache
com.lidroid.xutils.db.sqlite.CursorUtils$FindCacheSequence
com.lidroid.xutils.db.sqlite.DbModelSelector
com.lidroid.xutils.db.sqlite.FinderLazyLoader
com.lidroid.xutils.db.sqlite.ForeignLazyLoader
com.lidroid.xutils.db.sqlite.Selector
com.lidroid.xutils.db.sqlite.Selector$OrderBy
com.lidroid.xutils.db.sqlite.SqlInfo
com.lidroid.xutils.db.sqlite.SqlInfoBuilder
com.lidroid.xutils.db.sqlite.WhereBuilder
com.lidroid.xutils.db.table.Column
com.lidroid.xutils.db.table.ColumnUtils
com.lidroid.xutils.db.table.DbModel
com.lidroid.xutils.db.table.Finder
com.lidroid.xutils.db.table.Foreign
com.lidroid.xutils.db.table.Id
com.lidroid.xutils.db.table.KeyValue
com.lidroid.xutils.db.table.Table
com.lidroid.xutils.db.table.TableUtils
com.lidroid.xutils.exception.BaseException:
    private static final long serialVersionUID
    34:35:public BaseException(java.lang.String,java.lang.Throwable)
com.lidroid.xutils.exception.DbException
com.lidroid.xutils.exception.HttpException:
    private static final long serialVersionUID
    31:32:public HttpException(java.lang.String,java.lang.Throwable)
    41:43:public HttpException(int)
    60:62:public HttpException(int,java.lang.String,java.lang.Throwable)
    69:71:public HttpException(int,java.lang.Throwable)
    77:77:public int getExceptionCode()
com.lidroid.xutils.http.HttpCache:
    private static final int DEFAULT_CACHE_SIZE
    private static final long DEFAULT_EXPIRY_TIME
    65:66:public void setCacheSize(int)
    69:70:public static void setDefaultExpiryTime(long)
    77:78:public void put(java.lang.String,java.lang.String)
    95:98:public boolean isEnabled(com.lidroid.xutils.http.client.HttpRequest$HttpMethod)
    109:110:public void setEnabled(com.lidroid.xutils.http.client.HttpRequest$HttpMethod,boolean)